<?xml version="1.0" encoding="UTF-8"?>
<!-- Generated by org.testng.reporters.JUnitReportReporter -->
<testsuite hostname="DESKTOP-B4ND95H" failures="0" tests="2" name="Test2" time="0.018" errors="0" timestamp="2022-10-12T10:59:51 IST" skipped="0">
  <testcase classname="Test2" name="TestCase_2" time="0.002"/>
  <system-out/>
  <testcase classname="Test2" name="TestCase_1" time="0.016"/>
  <system-out/>
</testsuite> <!-- Test2 -->
